> Task :compileJava UP-TO-DATE
> Task :processResources UP-TO-DATE
> Task :classes UP-TO-DATE
> Task :resolveMainClassName UP-TO-DATE

> Task :bootRun

  .   ____          _            __ _ _
 /\\ / ___'_ __ _ _(_)_ __  __ _ \ \ \ \
( ( )\___ | '_ | '_| | '_ \/ _` | \ \ \ \
 \\/  ___)| |_)| | | | | || (_| |  ) ) ) )
  '  |____| .__|_| |_|_| |_\__, | / / / /
 =========|_|==============|___/=/_/_/_/

 :: Spring Boot ::                (v3.3.4)

2026-04-24T14:23:00.177+09:00  INFO 20304 --- [skku-navigation-backend] [           main] com.skku.nav.SkkuNavApplication          : Starting SkkuNavApplication using Java 21.0.2 with PID 20304 (C:\Users\admin\SKKU_NAV\SKKU_navigation_backend\build\classes\java\main started by Admin in C:\Users\admin\SKKU_NAV\SKKU_navigation_backend)
2026-04-24T14:23:00.178+09:00 DEBUG 20304 --- [skku-navigation-backend] [           main] com.skku.nav.SkkuNavApplication          : Running with Spring Boot v3.3.4, Spring v6.1.13
2026-04-24T14:23:00.179+09:00  INFO 20304 --- [skku-navigation-backend] [           main] com.skku.nav.SkkuNavApplication          : No active profile set, falling back to 1 default profile: "default"
2026-04-24T14:23:00.617+09:00  INFO 20304 --- [skku-navigation-backend] [           main] .s.d.r.c.RepositoryConfigurationDelegate : Bootstrapping Spring Data JPA repositories in DEFAULT mode.
2026-04-24T14:23:00.657+09:00  INFO 20304 --- [skku-navigation-backend] [           main] .s.d.r.c.RepositoryConfigurationDelegate : Finished Spring Data repository scanning in 43 ms. Found 4 JPA repository interfaces.
2026-04-24T14:23:01.016+09:00  INFO 20304 --- [skku-navigation-backend] [           main] o.s.b.w.embedded.tomcat.TomcatWebServer  : Tomcat initialized with port 8080 (http)
2026-04-24T14:23:01.027+09:00  INFO 20304 --- [skku-navigation-backend] [           main] o.apache.catalina.core.StandardService   : Starting service [Tomcat]
2026-04-24T14:23:01.027+09:00  INFO 20304 --- [skku-navigation-backend] [           main] o.apache.catalina.core.StandardEngine    : Starting Servlet engine: [Apache Tomcat/10.1.30]
2026-04-24T14:23:01.068+09:00  INFO 20304 --- [skku-navigation-backend] [           main] o.a.c.c.C.[Tomcat].[localhost].[/]       : Initializing Spring embedded WebApplicationContext
2026-04-24T14:23:01.068+09:00  INFO 20304 --- [skku-navigation-backend] [           main] w.s.c.ServletWebServerApplicationContext : Root WebApplicationContext: initialization completed in 852 ms
2026-04-24T14:23:01.222+09:00  INFO 20304 --- [skku-navigation-backend] [           main] com.zaxxer.hikari.HikariDataSource       : HikariPool-1 - Starting...
2026-04-24T14:23:01.355+09:00  INFO 20304 --- [skku-navigation-backend] [           main] com.zaxxer.hikari.pool.HikariPool        : HikariPool-1 - Added connection org.postgresql.jdbc.PgConnection@59096b66
2026-04-24T14:23:01.356+09:00  INFO 20304 --- [skku-navigation-backend] [           main] com.zaxxer.hikari.HikariDataSource       : HikariPool-1 - Start completed.
2026-04-24T14:23:01.383+09:00  INFO 20304 --- [skku-navigation-backend] [           main] org.flywaydb.core.FlywayExecutor         : Database: jdbc:postgresql://localhost:5432/skku_nav (PostgreSQL 17.5)
2026-04-24T14:23:01.393+09:00  WARN 20304 --- [skku-navigation-backend] [           main] o.f.c.internal.database.base.Database    : Flyway upgrade recommended: PostgreSQL 17.5 is newer than this version of Flyway and support has not been tested. The latest supported version of PostgreSQL is 16.
2026-04-24T14:23:01.437+09:00  INFO 20304 --- [skku-navigation-backend] [           main] o.f.core.internal.command.DbValidate     : Successfully validated 2 migrations (execution time 00:00.027s)
2026-04-24T14:23:01.472+09:00  INFO 20304 --- [skku-navigation-backend] [           main] o.f.core.internal.command.DbMigrate      : Current version of schema "public": 3
2026-04-24T14:23:01.474+09:00  INFO 20304 --- [skku-navigation-backend] [           main] o.f.core.internal.command.DbMigrate      : Schema "public" is up to date. No migration necessary.
2026-04-24T14:23:01.541+09:00  INFO 20304 --- [skku-navigation-backend] [           main] o.hibernate.jpa.internal.util.LogHelper  : HHH000204: Processing PersistenceUnitInfo [name: default]
2026-04-24T14:23:01.593+09:00  INFO 20304 --- [skku-navigation-backend] [           main] org.hibernate.Version                    : HHH000412: Hibernate ORM core version 6.5.3.Final
2026-04-24T14:23:01.599+09:00  INFO 20304 --- [skku-navigation-backend] [           main] o.h.spatial.integration.SpatialService   : HHH80000001: hibernate-spatial integration enabled : true
2026-04-24T14:23:01.626+09:00  INFO 20304 --- [skku-navigation-backend] [           main] o.h.c.internal.RegionFactoryInitiator    : HHH000026: Second-level cache disabled
2026-04-24T14:23:01.754+09:00  WARN 20304 --- [skku-navigation-backend] [           main] org.hibernate.orm.deprecation            : HHH90000025: PostgreSQLDialect does not need to be specified explicitly using 'hibernate.dialect' (remove the property setting and it will be selected by default)
2026-04-24T14:23:01.774+09:00  INFO 20304 --- [skku-navigation-backend] [           main] org.hibernate.spatial                    : HHH80000003: hibernate-spatial adding type contributions from : org.hibernate.spatial.dialect.postgis.PostgisDialectContributor
2026-04-24T14:23:01.953+09:00  INFO 20304 --- [skku-navigation-backend] [           main] o.s.o.j.p.SpringPersistenceUnitInfo      : No LoadTimeWeaver setup: ignoring JPA class transformer
2026-04-24T14:23:01.965+09:00  INFO 20304 --- [skku-navigation-backend] [           main] org.hibernate.spatial                    : HHH80000003: hibernate-spatial adding type contributions from : org.hibernate.spatial.dialect.postgis.PostgisDialectContributor
2026-04-24T14:23:02.182+09:00  INFO 20304 --- [skku-navigation-backend] [           main] org.hibernate.spatial                    : HHH80000004: hibernate-spatial adding function contributions from : org.hibernate.spatial.dialect.postgis.PostgisDialectContributor
2026-04-24T14:23:02.665+09:00  INFO 20304 --- [skku-navigation-backend] [           main] o.h.e.t.j.p.i.JtaPlatformInitiator       : HHH000489: No JTA platform available (set 'hibernate.transaction.jta.platform' to enable JTA platform integration)
2026-04-24T14:23:02.730+09:00  INFO 20304 --- [skku-navigation-backend] [           main] j.LocalContainerEntityManagerFactoryBean : Initialized JPA EntityManagerFactory for persistence unit 'default'
2026-04-24T14:23:03.075+09:00  INFO 20304 --- [skku-navigation-backend] [           main] o.s.d.j.r.query.QueryEnhancerFactory     : Hibernate is in classpath; If applicable, HQL parser will be used.
2026-04-24T14:23:04.115+09:00  INFO 20304 --- [skku-navigation-backend] [           main] com.skku.nav.service.VideoStreamCache    : VideoStreamCache loaded 655 entries
2026-04-24T14:23:04.142+09:00  WARN 20304 --- [skku-navigation-backend] [           main] JpaBaseConfiguration$JpaWebConfiguration : spring.jpa.open-in-view is enabled by default. Therefore, database queries may be performed during view rendering. Explicitly configure spring.jpa.open-in-view to disable this warning
2026-04-24T14:23:04.388+09:00  INFO 20304 --- [skku-navigation-backend] [           main] o.s.b.w.embedded.tomcat.TomcatWebServer  : Tomcat started on port 8080 (http) with context path '/'
2026-04-24T14:23:04.391+09:00  INFO 20304 --- [skku-navigation-backend] [           main] com.skku.nav.SkkuNavApplication          : Started SkkuNavApplication in 4.499 seconds (process running for 4.745)
2026-04-24T14:23:39.170+09:00  INFO 20304 --- [skku-navigation-backend] [nio-8080-exec-1] o.a.c.c.C.[Tomcat].[localhost].[/]       : Initializing Spring DispatcherServlet 'dispatcherServlet'
2026-04-24T14:23:39.170+09:00  INFO 20304 --- [skku-navigation-backend] [nio-8080-exec-1] o.s.web.servlet.DispatcherServlet        : Initializing Servlet 'dispatcherServlet'
2026-04-24T14:23:39.171+09:00  INFO 20304 --- [skku-navigation-backend] [nio-8080-exec-1] o.s.web.servlet.DispatcherServlet        : Completed initialization in 1 ms
